TN:
SF:index.js
FNF:0
FNH:0
DA:9,3
DA:10,3
DA:12,3
DA:13,3
DA:14,3
DA:16,3
DA:17,3
DA:18,3
DA:21,3
DA:22,0
DA:23,0
LF:11
LH:9
BRDA:21,0,0,0
BRDA:21,0,1,3
BRDA:22,1,0,0
BRDA:22,1,1,0
BRF:4
BRH:1
end_of_record
TN:
SF:controllers/cpmControllers.js
FN:2,(anonymous_0)
FNF:1
FNH:1
FNDA:12,(anonymous_0)
DA:2,3
DA:3,12
DA:5,12
DA:7,12
DA:8,1
DA:11,11
DA:12,1
DA:15,10
DA:16,2
DA:17,1
DA:21,9
DA:22,1
DA:25,8
DA:26,1
DA:29,7
DA:30,1
DA:33,6
DA:40,1
DA:43,5
DA:44,1
DA:49,4
DA:50,1
DA:55,3
DA:56,1
DA:57,1
DA:63,2
DA:64,1
DA:69,1
DA:70,1
DA:75,0
DA:76,0
DA:84,0
DA:86,0
LF:33
LH:29
BRDA:7,0,0,1
BRDA:7,0,1,11
BRDA:11,1,0,1
BRDA:11,1,1,10
BRDA:15,2,0,2
BRDA:15,2,1,8
BRDA:16,3,0,1
BRDA:16,3,1,1
BRDA:21,4,0,1
BRDA:21,4,1,8
BRDA:25,5,0,1
BRDA:25,5,1,7
BRDA:29,6,0,1
BRDA:29,6,1,6
BRDA:33,7,0,1
BRDA:33,7,1,5
BRDA:34,8,0,6
BRDA:34,8,1,5
BRDA:34,8,2,5
BRDA:34,8,3,5
BRDA:34,8,4,5
BRDA:43,9,0,1
BRDA:43,9,1,4
BRDA:49,10,0,1
BRDA:49,10,1,3
BRDA:55,11,0,1
BRDA:55,11,1,2
BRDA:56,12,0,1
BRDA:56,12,1,0
BRDA:63,13,0,1
BRDA:63,13,1,1
BRDA:69,14,0,1
BRDA:69,14,1,0
BRDA:75,15,0,0
BRDA:75,15,1,0
BRDA:75,16,0,0
BRDA:75,16,1,0
BRF:37
BRH:31
end_of_record
TN:
SF:controllers/historyControllers.js
FN:2,(anonymous_0)
FNF:1
FNH:1
FNDA:1,(anonymous_0)
DA:2,3
DA:3,1
DA:4,1
DA:16,1
DA:28,1
DA:41,1
DA:44,0
LF:7
LH:6
BRF:0
BRH:0
end_of_record
TN:
SF:controllers/userController.js
FN:2,(anonymous_0)
FN:26,(anonymous_1)
FNF:2
FNH:1
FNDA:4,(anonymous_0)
FNDA:0,(anonymous_1)
DA:2,3
DA:3,4
DA:4,4
DA:7,4
DA:8,1
DA:11,3
DA:12,1
DA:15,2
DA:16,1
DA:19,1
DA:21,0
DA:26,3
DA:27,0
DA:28,0
DA:30,0
DA:31,0
DA:34,0
DA:35,0
DA:38,0
DA:39,0
DA:43,0
DA:45,0
LF:22
LH:11
BRDA:7,0,0,1
BRDA:7,0,1,3
BRDA:11,1,0,1
BRDA:11,1,1,2
BRDA:15,2,0,1
BRDA:15,2,1,1
BRDA:15,3,0,2
BRDA:15,3,1,1
BRDA:30,4,0,0
BRDA:30,4,1,0
BRDA:34,5,0,0
BRDA:34,5,1,0
BRDA:38,6,0,0
BRDA:38,6,1,0
BRDA:38,7,0,0
BRDA:38,7,1,0
BRF:16
BRH:8
end_of_record
TN:
SF:routes/cpmRoutes.js
FNF:0
FNH:0
DA:4,3
DA:6,3
LF:2
LH:2
BRF:0
BRH:0
end_of_record
TN:
SF:routes/historyRoutes.js
FNF:0
FNH:0
DA:2,3
DA:5,3
LF:2
LH:2
BRF:0
BRH:0
end_of_record
TN:
SF:routes/userRoutes.js
FNF:0
FNH:0
DA:4,3
DA:6,3
DA:7,3
LF:3
LH:3
BRF:0
BRH:0
end_of_record
