TN:
SF:index.js
FN:17,(anonymous_0)
FNF:1
FNH:0
FNDA:0,(anonymous_0)
DA:9,3
DA:10,3
DA:12,3
DA:17,3
DA:18,0
DA:19,0
DA:21,0
DA:25,3
DA:26,3
DA:28,3
DA:29,3
DA:30,3
DA:33,3
DA:34,0
DA:35,0
DA:36,0
LF:16
LH:10
BRDA:33,0,0,0
BRDA:33,0,1,3
BRDA:34,1,0,0
BRDA:34,1,1,0
BRF:4
BRH:1
end_of_record
TN:
SF:controllers/cpmControllers.js
FN:4,(anonymous_0)
FN:110,(anonymous_1)
FN:119,(anonymous_2)
FNF:3
FNH:1
FNDA:12,(anonymous_0)
FNDA:0,(anonymous_1)
FNDA:0,(anonymous_2)
DA:4,3
DA:5,12
DA:7,12
DA:9,12
DA:10,1
DA:13,11
DA:14,1
DA:17,10
DA:18,2
DA:19,1
DA:23,9
DA:24,1
DA:27,8
DA:28,1
DA:31,7
DA:32,1
DA:35,6
DA:42,1
DA:45,5
DA:46,1
DA:51,4
DA:52,1
DA:57,3
DA:58,1
DA:59,1
DA:65,2
DA:66,1
DA:71,1
DA:72,1
DA:77,0
DA:78,0
DA:86,0
DA:88,0
DA:89,0
DA:91,0
DA:93,0
DA:95,0
DA:106,0
DA:110,3
DA:111,0
DA:112,0
DA:113,0
DA:115,0
DA:119,3
DA:120,0
DA:121,0
DA:122,0
DA:124,0
LF:48
LH:31
BRDA:9,0,0,1
BRDA:9,0,1,11
BRDA:13,1,0,1
BRDA:13,1,1,10
BRDA:17,2,0,2
BRDA:17,2,1,8
BRDA:18,3,0,1
BRDA:18,3,1,1
BRDA:23,4,0,1
BRDA:23,4,1,8
BRDA:27,5,0,1
BRDA:27,5,1,7
BRDA:31,6,0,1
BRDA:31,6,1,6
BRDA:35,7,0,1
BRDA:35,7,1,5
BRDA:36,8,0,6
BRDA:36,8,1,5
BRDA:36,8,2,5
BRDA:36,8,3,5
BRDA:36,8,4,5
BRDA:45,9,0,1
BRDA:45,9,1,4
BRDA:51,10,0,1
BRDA:51,10,1,3
BRDA:57,11,0,1
BRDA:57,11,1,2
BRDA:58,12,0,1
BRDA:58,12,1,0
BRDA:65,13,0,1
BRDA:65,13,1,1
BRDA:71,14,0,1
BRDA:71,14,1,0
BRDA:77,15,0,0
BRDA:77,15,1,0
BRDA:77,16,0,0
BRDA:77,16,1,0
BRF:37
BRH:31
end_of_record
TN:
SF:controllers/historyControllers.js
FN:2,(anonymous_0)
FNF:1
FNH:1
FNDA:1,(anonymous_0)
DA:2,3
DA:3,1
DA:4,1
DA:16,1
DA:28,1
DA:41,1
DA:44,0
LF:7
LH:6
BRF:0
BRH:0
end_of_record
TN:
SF:controllers/userController.js
FN:5,(anonymous_0)
FN:44,(anonymous_1)
FN:80,(anonymous_2)
FNF:3
FNH:1
FNDA:2,(anonymous_0)
FNDA:0,(anonymous_1)
FNDA:0,(anonymous_2)
DA:5,3
DA:6,2
DA:7,2
DA:8,2
DA:9,2
DA:11,2
DA:12,1
DA:16,1
DA:17,0
DA:20,1
DA:21,1
DA:24,0
DA:25,0
DA:26,0
DA:29,0
DA:34,0
DA:36,0
DA:38,0
DA:44,3
DA:45,0
DA:46,0
DA:48,0
DA:49,0
DA:52,0
DA:53,0
DA:56,0
DA:57,0
DA:60,0
DA:61,0
DA:62,0
DA:65,0
DA:66,0
DA:67,0
DA:70,0
DA:71,0
DA:74,0
DA:76,0
DA:80,3
DA:81,0
DA:82,0
DA:83,0
DA:85,0
LF:42
LH:12
BRDA:11,0,0,1
BRDA:11,0,1,1
BRDA:16,1,0,0
BRDA:16,1,1,1
BRDA:20,2,0,1
BRDA:20,2,1,0
BRDA:20,3,0,1
BRDA:20,3,1,0
BRDA:25,4,0,0
BRDA:25,4,1,0
BRDA:48,5,0,0
BRDA:48,5,1,0
BRDA:52,6,0,0
BRDA:52,6,1,0
BRDA:56,7,0,0
BRDA:56,7,1,0
BRDA:56,8,0,0
BRDA:56,8,1,0
BRDA:61,9,0,0
BRDA:61,9,1,0
BRDA:66,10,0,0
BRDA:66,10,1,0
BRDA:70,11,0,0
BRDA:70,11,1,0
BRF:24
BRH:5
end_of_record
TN:
SF:models/cpm.js
FNF:0
FNH:0
DA:2,3
LF:1
LH:1
BRF:0
BRH:0
end_of_record
TN:
SF:models/user.js
FNF:0
FNH:0
DA:2,3
LF:1
LH:1
BRF:0
BRH:0
end_of_record
TN:
SF:routes/cpmRoutes.js
FNF:0
FNH:0
DA:4,3
DA:6,3
DA:7,3
DA:8,3
LF:4
LH:4
BRF:0
BRH:0
end_of_record
TN:
SF:routes/historyRoutes.js
FNF:0
FNH:0
DA:2,3
DA:5,3
LF:2
LH:2
BRF:0
BRH:0
end_of_record
TN:
SF:routes/userRoutes.js
FNF:0
FNH:0
DA:4,3
DA:6,3
DA:7,3
DA:8,3
LF:4
LH:4
BRF:0
BRH:0
end_of_record
